Fri Apr 20 14:58:27 BST 2018 : Apache Derby Network Server - 10.11.1.2 - (1629631) started and ready to accept connections on port 1527
----------------------------------------------------------------
Fri Apr 20 14:59:36 BST 2018:
Booting Derby version The Apache Software Foundation - Apache Derby - 10.11.1.2 - (1629631): instance a816c00e-0162-e359-5d53-ffffe0b67886 
on database directory M:\GlassFish_Server2\javadb\db\.netbeans-derby\website with class loader sun.misc.Launcher$AppClassLoader@1d44bcfa 
Loaded from file:/M:/GlassFish_Server2/javadb/db/lib/derby.jar
java.vendor=Oracle Corporation
java.runtime.version=1.8.0_144-b01
user.dir=M:\GlassFish_Server2\javadb\db
os.name=Windows 10
os.arch=amd64
os.version=10.0
derby.system.home=M:\GlassFish_Server2\javadb\db\.netbeans-derby
Database Class Loader started - derby.database.classpath=''
----------------------------------------------------------------
Fri Apr 20 15:03:46 BST 2018:
Booting Derby version The Apache Software Foundation - Apache Derby - 10.11.1.2 - (1629631): instance 03d30059-0162-e359-5d53-ffffe0b67886 
on database directory M:\GlassFish_Server2\javadb\db\.netbeans-derby\training with class loader sun.misc.Launcher$AppClassLoader@1d44bcfa 
Loaded from file:/M:/GlassFish_Server2/javadb/db/lib/derby.jar
java.vendor=Oracle Corporation
java.runtime.version=1.8.0_144-b01
user.dir=M:\GlassFish_Server2\javadb\db
os.name=Windows 10
os.arch=amd64
os.version=10.0
derby.system.home=M:\GlassFish_Server2\javadb\db\.netbeans-derby
Database Class Loader started - derby.database.classpath=''
----------------------------------------------------------------
Fri Apr 20 15:29:45 BST 2018: Shutting down Derby engine
----------------------------------------------------------------
Fri Apr 20 15:29:45 BST 2018:
Shutting down instance 03d30059-0162-e359-5d53-ffffe0b67886 on database directory M:\GlassFish_Server2\javadb\db\.netbeans-derby\training with class loader sun.misc.Launcher$AppClassLoader@1d44bcfa 
